android/app/build/intermediates/manifest_merge_blame_file/release/processReleaseMainManifest/manifest-merger-blame-release-report.txt
1<?xml version="1.0" encoding="utf-8"?>
2<manifest xmlns:android="http://schemas.android.com/apk/res/android"
3    package="net.vlinkgroup.nexora"
4    android:versionCode="1"
5    android:versionName="1.0" >
6
7    <uses-sdk
8        android:minSdkVersion="24"
9        android:targetSdkVersion="35" />
10
11    <!-- Permissions -->
12
13    <uses-permission android:name="android.permission.INTERNET" />
13-->src/main/AndroidManifest.xml:34:5-67
13-->src/main/AndroidManifest.xml:34:22-64
14    <uses-permission android:name="android.permission.CAMERA" />
14-->src/main/AndroidManifest.xml:35:5-65
14-->src/main/AndroidManifest.xml:35:22-62
15    <uses-permission android:name="android.permission.POST_NOTIFICATIONS" />
15-->src/main/AndroidManifest.xml:36:5-77
15-->src/main/AndroidManifest.xml:36:22-74
16
17    <uses-feature
17-->src/main/AndroidManifest.xml:38:5-85
18        android:name="android.hardware.camera"
18-->src/main/AndroidManifest.xml:38:19-57
19        android:required="false" />
19-->src/main/AndroidManifest.xml:38:58-82
20    <uses-feature
20-->src/main/AndroidManifest.xml:39:5-95
21        android:name="android.hardware.camera.autofocus"
21-->src/main/AndroidManifest.xml:39:19-67
22        android:required="false" />
22-->src/main/AndroidManifest.xml:39:68-92
23
24    <queries>
24-->[:capacitor-camera] AndroidManifest.xml:7:5-17:15
25        <intent>
25-->[:capacitor-camera] AndroidManifest.xml:8:9-10:18
26            <action android:name="android.media.action.IMAGE_CAPTURE" />
26-->[:capacitor-camera] AndroidManifest.xml:9:13-73
26-->[:capacitor-camera] AndroidManifest.xml:9:21-70
27        </intent>
28        <intent>
28-->[:capacitor-camera] AndroidManifest.xml:11:9-13:18
29            <action android:name="android.intent.action.GET_CONTENT" />
29-->[:capacitor-camera] AndroidManifest.xml:12:13-72
29-->[:capacitor-camera] AndroidManifest.xml:12:21-69
30        </intent>
31        <intent>
31-->[:capacitor-camera] AndroidManifest.xml:14:9-16:18
32            <action android:name="android.intent.action.PICK" />
32-->[:capacitor-camera] AndroidManifest.xml:15:13-65
32-->[:capacitor-camera] AndroidManifest.xml:15:21-62
33        </intent>
34    </queries> <!-- Create a unique permission for your app and use it so only your app can receive your OneSignal messages. -->
35    <permission
35-->[com.onesignal:notifications:5.9.5] AndroidManifest.xml:8:5-10:47
36        android:name="net.vlinkgroup.nexora.permission.C2D_MESSAGE"
36-->[com.onesignal:notifications:5.9.5] AndroidManifest.xml:9:9-63
37        android:protectionLevel="signature" />
37-->[com.onesignal:notifications:5.9.5] AndroidManifest.xml:10:9-44
38
39    <uses-permission android:name="net.vlinkgroup.nexora.permission.C2D_MESSAGE" /> <!-- Required, makes sure notifications are delivered on time. -->
39-->[com.onesignal:notifications:5.9.5] AndroidManifest.xml:12:5-79
39-->[com.onesignal:notifications:5.9.5] AndroidManifest.xml:12:22-76
40    <uses-permission android:name="android.permission.WAKE_LOCK" /> <!-- c2dm RECEIVE are basic requirements for push messages through Google's FCM -->
40-->[com.onesignal:notifications:5.9.5] AndroidManifest.xml:16:5-68
40-->[com.onesignal:notifications:5.9.5] AndroidManifest.xml:16:22-65
41    <uses-permission android:name="com.google.android.c2dm.permission.RECEIVE" />
41-->[com.onesignal:notifications:5.9.5] AndroidManifest.xml:17:5-82
41-->[com.onesignal:notifications:5.9.5] AndroidManifest.xml:17:22-79
42    <!--
43 Required so the device vibrates on receiving a push notification.
44         Vibration settings of the device still apply.
45    -->
46    <uses-permission android:name="android.permission.VIBRATE" />
46-->[com.onesignal:notifications:5.9.5] AndroidManifest.xml:22:5-66
46-->[com.onesignal:notifications:5.9.5] AndroidManifest.xml:22:22-63
47    <!--
48 Use to restore notifications the user hasn't interacted with.
49     They could be missed notifications if the user reboots their device if this isn't in place.
50    -->
51    <uses-permission android:name="android.permission.RECEIVE_BOOT_COMPLETED" /> <!-- START: ShortcutBadger -->
51-->[com.onesignal:notifications:5.9.5] AndroidManifest.xml:27:5-81
51-->[com.onesignal:notifications:5.9.5] AndroidManifest.xml:27:22-78
52    <!-- Samsung -->
53    <uses-permission android:name="com.sec.android.provider.badge.permission.READ" />
53-->[com.onesignal:notifications:5.9.5] AndroidManifest.xml:29:5-86
53-->[com.onesignal:notifications:5.9.5] AndroidManifest.xml:29:22-83
54    <uses-permission android:name="com.sec.android.provider.badge.permission.WRITE" /> <!-- HTC -->
54-->[com.onesignal:notifications:5.9.5] AndroidManifest.xml:30:5-87
54-->[com.onesignal:notifications:5.9.5] AndroidManifest.xml:30:22-84
55    <uses-permission android:name="com.htc.launcher.permission.READ_SETTINGS" />
55-->[com.onesignal:notifications:5.9.5] AndroidManifest.xml:31:5-81
55-->[com.onesignal:notifications:5.9.5] AndroidManifest.xml:31:22-78
56    <uses-permission android:name="com.htc.launcher.permission.UPDATE_SHORTCUT" /> <!-- Sony -->
56-->[com.onesignal:notifications:5.9.5] AndroidManifest.xml:32:5-83
56-->[com.onesignal:notifications:5.9.5] AndroidManifest.xml:32:22-80
57    <uses-permission android:name="com.sonyericsson.home.permission.BROADCAST_BADGE" />
57-->[com.onesignal:notifications:5.9.5] AndroidManifest.xml:33:5-88
57-->[com.onesignal:notifications:5.9.5] AndroidManifest.xml:33:22-85
58    <uses-permission android:name="com.sonymobile.home.permission.PROVIDER_INSERT_BADGE" /> <!-- Apex -->
58-->[com.onesignal:notifications:5.9.5] AndroidManifest.xml:34:5-92
58-->[com.onesignal:notifications:5.9.5] AndroidManifest.xml:34:22-89
59    <uses-permission android:name="com.anddoes.launcher.permission.UPDATE_COUNT" /> <!-- Solid -->
59-->[com.onesignal:notifications:5.9.5] AndroidManifest.xml:35:5-84
59-->[com.onesignal:notifications:5.9.5] AndroidManifest.xml:35:22-81
60    <uses-permission android:name="com.majeur.launcher.permission.UPDATE_BADGE" /> <!-- Huawei -->
60-->[com.onesignal:notifications:5.9.5] AndroidManifest.xml:36:5-83
60-->[com.onesignal:notifications:5.9.5] AndroidManifest.xml:36:22-80
61    <uses-permission android:name="com.huawei.android.launcher.permission.CHANGE_BADGE" />
61-->[com.onesignal:notifications:5.9.5] AndroidManifest.xml:37:5-91
61-->[com.onesignal:notifications:5.9.5] AndroidManifest.xml:37:22-88
62    <uses-permission android:name="com.huawei.android.launcher.permission.READ_SETTINGS" />
62-->[com.onesignal:notifications:5.9.5] AndroidManifest.xml:38:5-92
62-->[com.onesignal:notifications:5.9.5] AndroidManifest.xml:38:22-89
63    <uses-permission android:name="com.huawei.android.launcher.permission.WRITE_SETTINGS" /> <!-- ZUK -->
63-->[com.onesignal:notifications:5.9.5] AndroidManifest.xml:39:5-93
63-->[com.onesignal:notifications:5.9.5] AndroidManifest.xml:39:22-90
64    <uses-permission android:name="android.permission.READ_APP_BADGE" /> <!-- OPPO -->
64-->[com.onesignal:notifications:5.9.5] AndroidManifest.xml:40:5-73
64-->[com.onesignal:notifications:5.9.5] AndroidManifest.xml:40:22-70
65    <uses-permission android:name="com.oppo.launcher.permission.READ_SETTINGS" />
65-->[com.onesignal:notifications:5.9.5] AndroidManifest.xml:41:5-82
65-->[com.onesignal:notifications:5.9.5] AndroidManifest.xml:41:22-79
66    <uses-permission android:name="com.oppo.launcher.permission.WRITE_SETTINGS" /> <!-- EvMe -->
66-->[com.onesignal:notifications:5.9.5] AndroidManifest.xml:42:5-83
66-->[com.onesignal:notifications:5.9.5] AndroidManifest.xml:42:22-80
67    <uses-permission android:name="me.everything.badger.permission.BADGE_COUNT_READ" />
67-->[com.onesignal:notifications:5.9.5] AndroidManifest.xml:43:5-88
67-->[com.onesignal:notifications:5.9.5] AndroidManifest.xml:43:22-85
68    <uses-permission android:name="me.everything.badger.permission.BADGE_COUNT_WRITE" />
68-->[com.onesignal:notifications:5.9.5] AndroidManifest.xml:44:5-89
68-->[com.onesignal:notifications:5.9.5] AndroidManifest.xml:44:22-86
69    <uses-permission android:name="android.permission.ACCESS_NETWORK_STATE" />
69-->[com.onesignal:core:5.9.5] AndroidManifest.xml:12:5-79
69-->[com.onesignal:core:5.9.5] AndroidManifest.xml:12:22-76
70    <uses-permission android:name="android.permission.FOREGROUND_SERVICE" />
70-->[androidx.work:work-runtime:2.10.5] AndroidManifest.xml:26:5-77
70-->[androidx.work:work-runtime:2.10.5] AndroidManifest.xml:26:22-74
71
72    <permission
72-->[androidx.core:core:1.17.0] AndroidManifest.xml:22:5-24:47
73        android:name="net.vlinkgroup.nexora.DYNAMIC_RECEIVER_NOT_EXPORTED_PERMISSION"
73-->[androidx.core:core:1.17.0] AndroidManifest.xml:23:9-81
74        android:protectionLevel="signature" />
74-->[androidx.core:core:1.17.0] AndroidManifest.xml:24:9-44
75
76    <uses-permission android:name="net.vlinkgroup.nexora.DYNAMIC_RECEIVER_NOT_EXPORTED_PERMISSION" />
76-->[androidx.core:core:1.17.0] AndroidManifest.xml:26:5-97
76-->[androidx.core:core:1.17.0] AndroidManifest.xml:26:22-94
77
78    <application
78-->src/main/AndroidManifest.xml:3:5-30:19
79        android:allowBackup="true"
79-->src/main/AndroidManifest.xml:4:9-35
80        android:appComponentFactory="androidx.core.app.CoreComponentFactory"
80-->[androidx.core:core:1.17.0] AndroidManifest.xml:28:18-86
81        android:extractNativeLibs="false"
82        android:icon="@mipmap/ic_launcher"
82-->src/main/AndroidManifest.xml:5:9-43
83        android:label="@string/app_name"
83-->src/main/AndroidManifest.xml:6:9-41
84        android:requestLegacyExternalStorage="true"
84-->[io.ionic.libs:ioncamera-android:1.0.1] AndroidManifest.xml:8:18-61
85        android:roundIcon="@mipmap/ic_launcher_round"
85-->src/main/AndroidManifest.xml:7:9-54
86        android:supportsRtl="true"
86-->src/main/AndroidManifest.xml:8:9-35
87        android:theme="@style/AppTheme" >
87-->src/main/AndroidManifest.xml:9:9-40
88        <activity
88-->src/main/AndroidManifest.xml:10:9-21:20
89            android:name="net.vlinkgroup.nexora.MainActivity"
89-->src/main/AndroidManifest.xml:12:13-41
90            android:configChanges="orientation|keyboardHidden|keyboard|screenSize|locale|smallestScreenSize|screenLayout|uiMode|navigation|density"
90-->src/main/AndroidManifest.xml:11:13-148
91            android:exported="true"
91-->src/main/AndroidManifest.xml:16:13-36
92            android:label="@string/title_activity_main"
92-->src/main/AndroidManifest.xml:13:13-56
93            android:launchMode="singleTask"
93-->src/main/AndroidManifest.xml:15:13-44
94            android:theme="@style/AppTheme.NoActionBarLaunch" >
94-->src/main/AndroidManifest.xml:14:13-62
95            <intent-filter>
95-->src/main/AndroidManifest.xml:17:13-20:29
96                <action android:name="android.intent.action.MAIN" />
96-->src/main/AndroidManifest.xml:18:17-69
96-->src/main/AndroidManifest.xml:18:25-66
97
98                <category android:name="android.intent.category.LAUNCHER" />
98-->src/main/AndroidManifest.xml:19:17-77
98-->src/main/AndroidManifest.xml:19:27-74
99            </intent-filter>
100        </activity>
101
102        <provider
103            android:name="androidx.core.content.FileProvider"
103-->src/main/AndroidManifest.xml:24:13-62
104            android:authorities="net.vlinkgroup.nexora.fileprovider"
104-->src/main/AndroidManifest.xml:25:13-64
105            android:exported="false"
105-->src/main/AndroidManifest.xml:26:13-37
106            android:grantUriPermissions="true" >
106-->src/main/AndroidManifest.xml:27:13-47
107            <meta-data
107-->src/main/AndroidManifest.xml:28:13-112
108                android:name="android.support.FILE_PROVIDER_PATHS"
108-->src/main/AndroidManifest.xml:28:24-74
109                android:resource="@xml/file_paths" />
109-->src/main/AndroidManifest.xml:28:75-109
110        </provider>
111
112        <activity
112-->[io.ionic.libs:ioncamera-android:1.0.1] AndroidManifest.xml:9:9-11:86
113            android:name="io.ionic.libs.ioncameralib.view.IONCAMRLoadingActivity"
113-->[io.ionic.libs:ioncamera-android:1.0.1] AndroidManifest.xml:10:13-82
114            android:theme="@android:style/Theme.Translucent.NoTitleBar.Fullscreen" />
114-->[io.ionic.libs:ioncamera-android:1.0.1] AndroidManifest.xml:11:13-83
115        <activity
115-->[io.ionic.libs:ioncamera-android:1.0.1] AndroidManifest.xml:12:9-16:36
116            android:name="io.ionic.libs.ioncameralib.view.IONCAMRImageEditorActivity"
116-->[io.ionic.libs:ioncamera-android:1.0.1] AndroidManifest.xml:13:13-86
117            android:enableOnBackInvokedCallback="true"
117-->[io.ionic.libs:ioncamera-android:1.0.1] AndroidManifest.xml:14:13-55
118            android:theme="@android:style/Theme.Black.NoTitleBar" />
118-->[io.ionic.libs:ioncamera-android:1.0.1] AndroidManifest.xml:15:13-66
119        <activity
119-->[io.ionic.libs:ioncamera-android:1.0.1] AndroidManifest.xml:17:9-20:86
120            android:name="io.ionic.libs.ioncameralib.view.IONCAMROpenPhotoPickerActivity"
120-->[io.ionic.libs:ioncamera-android:1.0.1] AndroidManifest.xml:18:13-90
121            android:exported="false"
121-->[io.ionic.libs:ioncamera-android:1.0.1] AndroidManifest.xml:19:13-37
122            android:theme="@android:style/Theme.Translucent.NoTitleBar.Fullscreen" /> <!-- Trigger Google Play services to install the backported photo picker module. -->
122-->[io.ionic.libs:ioncamera-android:1.0.1] AndroidManifest.xml:20:13-83
123        <service
123-->[io.ionic.libs:ioncamera-android:1.0.1] AndroidManifest.xml:22:9-34:19
124            android:name="com.google.android.gms.metadata.ModuleDependencies"
124-->[io.ionic.libs:ioncamera-android:1.0.1] AndroidManifest.xml:23:13-78
125            android:enabled="false"
125-->[io.ionic.libs:ioncamera-android:1.0.1] AndroidManifest.xml:24:13-36
126            android:exported="false" >
126-->[io.ionic.libs:ioncamera-android:1.0.1] AndroidManifest.xml:25:13-37
127            <intent-filter>
127-->[io.ionic.libs:ioncamera-android:1.0.1] AndroidManifest.xml:27:13-29:29
128                <action android:name="com.google.android.gms.metadata.MODULE_DEPENDENCIES" />
128-->[io.ionic.libs:ioncamera-android:1.0.1] AndroidManifest.xml:28:17-94
128-->[io.ionic.libs:ioncamera-android:1.0.1] AndroidManifest.xml:28:25-91
129            </intent-filter>
130
131            <meta-data
131-->[io.ionic.libs:ioncamera-android:1.0.1] AndroidManifest.xml:31:13-33:36
132                android:name="photopicker_activity:0:required"
132-->[io.ionic.libs:ioncamera-android:1.0.1] AndroidManifest.xml:32:17-63
133                android:value="" />
133-->[io.ionic.libs:ioncamera-android:1.0.1] AndroidManifest.xml:33:17-33
134        </service>
135
136        <provider
136-->[io.ionic.libs:ioncamera-android:1.0.1] AndroidManifest.xml:36:9-44:20
137            android:name="io.ionic.libs.ioncameralib.IONCAMRFileProvider"
137-->[io.ionic.libs:ioncamera-android:1.0.1] AndroidManifest.xml:37:13-74
138            android:authorities="net.vlinkgroup.nexora.camera.provider"
138-->[io.ionic.libs:ioncamera-android:1.0.1] AndroidManifest.xml:38:13-67
139            android:exported="false"
139-->[io.ionic.libs:ioncamera-android:1.0.1] AndroidManifest.xml:39:13-37
140            android:grantUriPermissions="true" >
140-->[io.ionic.libs:ioncamera-android:1.0.1] AndroidManifest.xml:40:13-47
141            <meta-data
141-->src/main/AndroidManifest.xml:28:13-112
142                android:name="android.support.FILE_PROVIDER_PATHS"
142-->src/main/AndroidManifest.xml:28:24-74
143                android:resource="@xml/ioncamera_paths" />
143-->src/main/AndroidManifest.xml:28:75-109
144        </provider>
145
146        <receiver
146-->[com.onesignal:notifications:5.9.5] AndroidManifest.xml:47:9-58:20
147            android:name="com.onesignal.notifications.receivers.FCMBroadcastReceiver"
147-->[com.onesignal:notifications:5.9.5] AndroidManifest.xml:48:13-86
148            android:exported="true"
148-->[com.onesignal:notifications:5.9.5] AndroidManifest.xml:49:13-36
149            android:permission="com.google.android.c2dm.permission.SEND" >
149-->[com.onesignal:notifications:5.9.5] AndroidManifest.xml:50:13-73
150
151            <!-- High priority so OneSignal payloads can be filtered from other FCM receivers -->
152            <intent-filter android:priority="999" >
152-->[com.onesignal:notifications:5.9.5] AndroidManifest.xml:53:13-57:29
152-->[com.onesignal:notifications:5.9.5] AndroidManifest.xml:53:28-50
153                <action android:name="com.google.android.c2dm.intent.RECEIVE" />
153-->[com.onesignal:notifications:5.9.5] AndroidManifest.xml:54:17-81
153-->[com.onesignal:notifications:5.9.5] AndroidManifest.xml:54:25-78
154
155                <category android:name="net.vlinkgroup.nexora" />
155-->[com.onesignal:notifications:5.9.5] AndroidManifest.xml:56:17-61
155-->[com.onesignal:notifications:5.9.5] AndroidManifest.xml:56:27-58
156            </intent-filter>
157        </receiver>
158
159        <service
159-->[com.onesignal:notifications:5.9.5] AndroidManifest.xml:60:9-66:19
160            android:name="com.onesignal.notifications.services.HmsMessageServiceOneSignal"
160-->[com.onesignal:notifications:5.9.5] AndroidManifest.xml:61:13-91
161            android:exported="false" >
161-->[com.onesignal:notifications:5.9.5] AndroidManifest.xml:62:13-37
162            <intent-filter>
162-->[com.onesignal:notifications:5.9.5] AndroidManifest.xml:63:13-65:29
163                <action android:name="com.huawei.push.action.MESSAGING_EVENT" />
163-->[com.onesignal:notifications:5.9.5] AndroidManifest.xml:64:17-81
163-->[com.onesignal:notifications:5.9.5] AndroidManifest.xml:64:25-78
164            </intent-filter>
165        </service> <!-- CAUTION: OneSignal backend includes the activity name in the payload, modifying the name without sync may result in notification click not firing -->
166        <activity
166-->[com.onesignal:notifications:5.9.5] AndroidManifest.xml:67:9-75:20
167            android:name="com.onesignal.NotificationOpenedActivityHMS"
167-->[com.onesignal:notifications:5.9.5] AndroidManifest.xml:68:13-71
168            android:exported="true"
168-->[com.onesignal:notifications:5.9.5] AndroidManifest.xml:69:13-36
169            android:noHistory="true"
169-->[com.onesignal:notifications:5.9.5] AndroidManifest.xml:70:13-37
170            android:theme="@android:style/Theme.Translucent.NoTitleBar" >
170-->[com.onesignal:notifications:5.9.5] AndroidManifest.xml:71:13-72
171            <intent-filter>
171-->[com.onesignal:notifications:5.9.5] AndroidManifest.xml:72:13-74:29
172                <action android:name="android.intent.action.VIEW" />
172-->[com.onesignal:notifications:5.9.5] AndroidManifest.xml:73:17-69
172-->[com.onesignal:notifications:5.9.5] AndroidManifest.xml:73:25-66
173            </intent-filter>
174        </activity>
175
176        <receiver
176-->[com.onesignal:notifications:5.9.5] AndroidManifest.xml:77:9-79:39
177            android:name="com.onesignal.notifications.receivers.NotificationDismissReceiver"
177-->[com.onesignal:notifications:5.9.5] AndroidManifest.xml:78:13-93
178            android:exported="true" />
178-->[com.onesignal:notifications:5.9.5] AndroidManifest.xml:79:13-36
179        <receiver
179-->[com.onesignal:notifications:5.9.5] AndroidManifest.xml:80:9-87:20
180            android:name="com.onesignal.notifications.receivers.BootUpReceiver"
180-->[com.onesignal:notifications:5.9.5] AndroidManifest.xml:81:13-80
181            android:exported="true" >
181-->[com.onesignal:notifications:5.9.5] AndroidManifest.xml:82:13-36
182            <intent-filter>
182-->[com.onesignal:notifications:5.9.5] AndroidManifest.xml:83:13-86:29
183                <action android:name="android.intent.action.BOOT_COMPLETED" />
183-->[com.onesignal:notifications:5.9.5] AndroidManifest.xml:84:17-79
183-->[com.onesignal:notifications:5.9.5] AndroidManifest.xml:84:25-76
184                <action android:name="android.intent.action.QUICKBOOT_POWERON" />
184-->[com.onesignal:notifications:5.9.5] AndroidManifest.xml:85:17-82
184-->[com.onesignal:notifications:5.9.5] AndroidManifest.xml:85:25-79
185            </intent-filter>
186        </receiver>
187        <receiver
187-->[com.onesignal:notifications:5.9.5] AndroidManifest.xml:88:9-94:20
188            android:name="com.onesignal.notifications.receivers.UpgradeReceiver"
188-->[com.onesignal:notifications:5.9.5] AndroidManifest.xml:89:13-81
189            android:exported="true" >
189-->[com.onesignal:notifications:5.9.5] AndroidManifest.xml:90:13-36
190            <intent-filter>
190-->[com.onesignal:notifications:5.9.5] AndroidManifest.xml:91:13-93:29
191                <action android:name="android.intent.action.MY_PACKAGE_REPLACED" />
191-->[com.onesignal:notifications:5.9.5] AndroidManifest.xml:92:17-84
191-->[com.onesignal:notifications:5.9.5] AndroidManifest.xml:92:25-81
192            </intent-filter>
193        </receiver>
194
195        <activity
195-->[com.onesignal:notifications:5.9.5] AndroidManifest.xml:96:9-102:75
196            android:name="com.onesignal.notifications.activities.NotificationOpenedActivity"
196-->[com.onesignal:notifications:5.9.5] AndroidManifest.xml:97:13-93
197            android:excludeFromRecents="true"
197-->[com.onesignal:notifications:5.9.5] AndroidManifest.xml:98:13-46
198            android:exported="true"
198-->[com.onesignal:notifications:5.9.5] AndroidManifest.xml:99:13-36
199            android:noHistory="true"
199-->[com.onesignal:notifications:5.9.5] AndroidManifest.xml:100:13-37
200            android:taskAffinity=""
200-->[com.onesignal:notifications:5.9.5] AndroidManifest.xml:101:13-36
201            android:theme="@android:style/Theme.Translucent.NoTitleBar" />
201-->[com.onesignal:notifications:5.9.5] AndroidManifest.xml:102:13-72
202        <activity
202-->[com.onesignal:notifications:5.9.5] AndroidManifest.xml:103:9-108:75
203            android:name="com.onesignal.notifications.activities.NotificationOpenedActivityAndroid22AndOlder"
203-->[com.onesignal:notifications:5.9.5] AndroidManifest.xml:104:13-110
204            android:excludeFromRecents="true"
204-->[com.onesignal:notifications:5.9.5] AndroidManifest.xml:105:13-46
205            android:exported="true"
205-->[com.onesignal:notifications:5.9.5] AndroidManifest.xml:106:13-36
206            android:noHistory="true"
206-->[com.onesignal:notifications:5.9.5] AndroidManifest.xml:107:13-37
207            android:theme="@android:style/Theme.Translucent.NoTitleBar" />
207-->[com.onesignal:notifications:5.9.5] AndroidManifest.xml:108:13-72
208
209        <service
209-->[com.onesignal:core:5.9.5] AndroidManifest.xml:16:9-19:72
210            android:name="com.onesignal.core.services.SyncJobService"
210-->[com.onesignal:core:5.9.5] AndroidManifest.xml:17:13-70
211            android:exported="false"
211-->[com.onesignal:core:5.9.5] AndroidManifest.xml:18:13-37
212            android:permission="android.permission.BIND_JOB_SERVICE" /> <!-- Temporary shim for old OneSignal v4 jobs pointing to com.onesignal.SyncJobService -->
212-->[com.onesignal:core:5.9.5] AndroidManifest.xml:19:13-69
213        <service
213-->[com.onesignal:core:5.9.5] AndroidManifest.xml:22:9-26:19
214            android:name="com.onesignal.SyncJobService"
214-->[com.onesignal:core:5.9.5] AndroidManifest.xml:23:13-56
215            android:exported="false"
215-->[com.onesignal:core:5.9.5] AndroidManifest.xml:24:13-37
216            android:permission="android.permission.BIND_JOB_SERVICE" >
216-->[com.onesignal:core:5.9.5] AndroidManifest.xml:25:13-69
217        </service>
218
219        <activity
219-->[com.onesignal:core:5.9.5] AndroidManifest.xml:28:9-31:75
220            android:name="com.onesignal.core.activities.PermissionsActivity"
220-->[com.onesignal:core:5.9.5] AndroidManifest.xml:29:13-77
221            android:exported="false"
221-->[com.onesignal:core:5.9.5] AndroidManifest.xml:30:13-37
222            android:theme="@android:style/Theme.Translucent.NoTitleBar" />
222-->[com.onesignal:core:5.9.5] AndroidManifest.xml:31:13-72
223        <!--
224             Observe the activity lifecycle from process start so late SDK init (wrapper SDKs)
225             still sees the first activity's full lifecycle. Merges into the app's androidx.startup
226             provider; hosts that disable it fall back to lifecycle registration at init time.
227        -->
228        <provider
228-->[com.onesignal:core:5.9.5] AndroidManifest.xml:38:9-46:20
229            android:name="androidx.startup.InitializationProvider"
229-->[com.onesignal:core:5.9.5] AndroidManifest.xml:39:13-67
230            android:authorities="net.vlinkgroup.nexora.androidx-startup"
230-->[com.onesignal:core:5.9.5] AndroidManifest.xml:40:13-68
231            android:exported="false" >
231-->[com.onesignal:core:5.9.5] AndroidManifest.xml:41:13-37
232            <meta-data
232-->[com.onesignal:core:5.9.5] AndroidManifest.xml:43:13-45:52
233                android:name="com.onesignal.core.internal.application.impl.ActivityLifecycleInitializer"
233-->[com.onesignal:core:5.9.5] AndroidManifest.xml:44:17-105
234                android:value="androidx.startup" />
234-->[com.onesignal:core:5.9.5] AndroidManifest.xml:45:17-49
235            <meta-data
235-->[androidx.emoji2:emoji2:1.3.0] AndroidManifest.xml:29:13-31:52
236                android:name="androidx.emoji2.text.EmojiCompatInitializer"
236-->[androidx.emoji2:emoji2:1.3.0] AndroidManifest.xml:30:17-75
237                android:value="androidx.startup" />
237-->[androidx.emoji2:emoji2:1.3.0] AndroidManifest.xml:31:17-49
238            <meta-data
238-->[androidx.work:work-runtime:2.10.5] AndroidManifest.xml:34:13-36:52
239                android:name="androidx.work.WorkManagerInitializer"
239-->[androidx.work:work-runtime:2.10.5] AndroidManifest.xml:35:17-68
240                android:value="androidx.startup" />
240-->[androidx.work:work-runtime:2.10.5] AndroidManifest.xml:36:17-49
241            <meta-data
241-->[androidx.lifecycle:lifecycle-process:2.10.0] AndroidManifest.xml:29:13-31:52
242                android:name="androidx.lifecycle.ProcessLifecycleInitializer"
242-->[androidx.lifecycle:lifecycle-process:2.10.0] AndroidManifest.xml:30:17-78
243                android:value="androidx.startup" />
243-->[androidx.lifecycle:lifecycle-process:2.10.0] AndroidManifest.xml:31:17-49
244            <meta-data
244-->[androidx.profileinstaller:profileinstaller:1.4.0] AndroidManifest.xml:29:13-31:52
245                android:name="androidx.profileinstaller.ProfileInstallerInitializer"
245-->[androidx.profileinstaller:profileinstaller:1.4.0] AndroidManifest.xml:30:17-85
246                android:value="androidx.startup" />
246-->[androidx.profileinstaller:profileinstaller:1.4.0] AndroidManifest.xml:31:17-49
247            <meta-data
247-->[com.squareup.okhttp3:okhttp-android:5.2.1] AndroidManifest.xml:16:13-18:52
248                android:name="okhttp3.internal.platform.PlatformInitializer"
248-->[com.squareup.okhttp3:okhttp-android:5.2.1] AndroidManifest.xml:17:17-77
249                android:value="androidx.startup" />
249-->[com.squareup.okhttp3:okhttp-android:5.2.1] AndroidManifest.xml:18:17-49
250        </provider>
251
252        <receiver
252-->[com.google.firebase:firebase-messaging:24.0.0] AndroidManifest.xml:29:9-40:20
253            android:name="com.google.firebase.iid.FirebaseInstanceIdReceiver"
253-->[com.google.firebase:firebase-messaging:24.0.0] AndroidManifest.xml:30:13-78
254            android:exported="true"
254-->[com.google.firebase:firebase-messaging:24.0.0] AndroidManifest.xml:31:13-36
255            android:permission="com.google.android.c2dm.permission.SEND" >
255-->[com.google.firebase:firebase-messaging:24.0.0] AndroidManifest.xml:32:13-73
256            <intent-filter>
256-->[com.google.firebase:firebase-messaging:24.0.0] AndroidManifest.xml:33:13-35:29
257                <action android:name="com.google.android.c2dm.intent.RECEIVE" />
257-->[com.onesignal:notifications:5.9.5] AndroidManifest.xml:54:17-81
257-->[com.onesignal:notifications:5.9.5] AndroidManifest.xml:54:25-78
258            </intent-filter>
259
260            <meta-data
260-->[com.google.firebase:firebase-messaging:24.0.0] AndroidManifest.xml:37:13-39:40
261                android:name="com.google.android.gms.cloudmessaging.FINISHED_AFTER_HANDLED"
261-->[com.google.firebase:firebase-messaging:24.0.0] AndroidManifest.xml:38:17-92
262                android:value="true" />
262-->[com.google.firebase:firebase-messaging:24.0.0] AndroidManifest.xml:39:17-37
263        </receiver>
264        <!--
265             FirebaseMessagingService performs security checks at runtime,
266             but set to not exported to explicitly avoid allowing another app to call it.
267        -->
268        <service
268-->[com.google.firebase:firebase-messaging:24.0.0] AndroidManifest.xml:46:9-53:19
269            android:name="com.google.firebase.messaging.FirebaseMessagingService"
269-->[com.google.firebase:firebase-messaging:24.0.0] AndroidManifest.xml:47:13-82
270            android:directBootAware="true"
270-->[com.google.firebase:firebase-messaging:24.0.0] AndroidManifest.xml:48:13-43
271            android:exported="false" >
271-->[com.google.firebase:firebase-messaging:24.0.0] AndroidManifest.xml:49:13-37
272            <intent-filter android:priority="-500" >
272-->[com.google.firebase:firebase-messaging:24.0.0] AndroidManifest.xml:50:13-52:29
272-->[com.google.firebase:firebase-messaging:24.0.0] AndroidManifest.xml:50:28-51
273                <action android:name="com.google.firebase.MESSAGING_EVENT" />
273-->[com.google.firebase:firebase-messaging:24.0.0] AndroidManifest.xml:51:17-78
273-->[com.google.firebase:firebase-messaging:24.0.0] AndroidManifest.xml:51:25-75
274            </intent-filter>
275        </service>
276        <service